<!DOCTYPE html>
<html>
<head>
<meta http-equiv="Content-Type" content="text/html; charset=utf-8"/>
<meta http-equiv="x-ua-compatible" content="IE=edge"/>
<title>Test results - Class tests.Registration</title>
<link href="../css/base-style.css" rel="stylesheet" type="text/css"/>
<link href="../css/style.css" rel="stylesheet" type="text/css"/>
<script src="../js/report.js" type="text/javascript"></script>
</head>
<body>
<div id="content">
<h1>Class tests.Registration</h1>
<div class="breadcrumbs">
<a href="../index.html">all</a> &gt; 
<a href="../packages/tests.html">tests</a> &gt; Registration</div>
<div id="summary">
<table>
<tr>
<td>
<div class="summaryGroup">
<table>
<tr>
<td>
<div class="infoBox" id="tests">
<div class="counter">5</div>
<p>tests</p>
</div>
</td>
<td>
<div class="infoBox" id="failures">
<div class="counter">1</div>
<p>failures</p>
</div>
</td>
<td>
<div class="infoBox" id="ignored">
<div class="counter">0</div>
<p>ignored</p>
</div>
</td>
<td>
<div class="infoBox" id="duration">
<div class="counter">17.074s</div>
<p>duration</p>
</div>
</td>
</tr>
</table>
</div>
</td>
<td>
<div class="infoBox failures" id="successRate">
<div class="percent">80%</div>
<p>successful</p>
</div>
</td>
</tr>
</table>
</div>
<div id="tabs">
<ul class="tabLinks">
<li>
<a href="#tab0">Failed tests</a>
</li>
<li>
<a href="#tab1">Tests</a>
</li>
<li>
<a href="#tab2">Standard output</a>
</li>
</ul>
<div id="tab0" class="tab">
<h2>Failed tests</h2>
<div class="test">
<a name="RegistrationPos"></a>
<h3 class="failures">RegistrationPos</h3>
<span class="code">
<pre>org.openqa.selenium.NoSuchElementException: no such element: Unable to locate element: {&quot;method&quot;:&quot;xpath&quot;,&quot;selector&quot;:&quot;//*[@placeholder='Passwor']&quot;}
  (Session info: chrome=101.0.4951.67)
For documentation on this error, please visit: https://www.seleniumhq.org/exceptions/no_such_element.html
Build info: version: '3.141.59', revision: 'e82be7d358', time: '2018-11-14T08:17:03'
System info: host: 'DESKTOP-KF54E9L', ip: '192.168.42.124', os.name: 'Windows 10', os.arch: 'amd64', os.version: '10.0', java.version: '1.8.0_321'
Driver info: org.openqa.selenium.chrome.ChromeDriver
Capabilities {acceptInsecureCerts: false, browserName: chrome, browserVersion: 101.0.4951.67, chrome: {chromedriverVersion: 101.0.4951.41 (93c720db8323..., userDataDir: C:\Users\Olga\AppData\Local...}, goog:chromeOptions: {debuggerAddress: localhost:51316}, javascriptEnabled: true, networkConnectionEnabled: false, pageLoadStrategy: normal, platform: WINDOWS, platformName: WINDOWS, proxy: Proxy(), setWindowRect: true, strictFileInteractability: false, timeouts: {implicit: 0, pageLoad: 300000, script: 30000}, unhandledPromptBehavior: dismiss and notify, webauthn:extension:credBlob: true, webauthn:extension:largeBlob: true, webauthn:virtualAuthenticators: true}
Session ID: 2cdd775ba8ea4b487dda55c9aa057e67
*** Element info: {Using=xpath, value=//*[@placeholder='Passwor']}
	at manager.MyListener.onException(MyListener.java:37)
	at sun.reflect.NativeMethodAccessorImpl.invoke0(Native Method)
	at sun.reflect.NativeMethodAccessorImpl.invoke(NativeMethodAccessorImpl.java:62)
	at sun.reflect.DelegatingMethodAccessorImpl.invoke(DelegatingMethodAccessorImpl.java:43)
	at java.lang.reflect.Method.invoke(Method.java:498)
	at org.openqa.selenium.support.events.EventFiringWebDriver.lambda$new$0(EventFiringWebDriver.java:84)
	at com.sun.proxy.$Proxy10.onException(Unknown Source)
	at org.openqa.selenium.support.events.EventFiringWebDriver.lambda$new$1(EventFiringWebDriver.java:107)
	at com.sun.proxy.$Proxy11.findElement(Unknown Source)
	at org.openqa.selenium.support.events.EventFiringWebDriver.findElement(EventFiringWebDriver.java:194)
	at manager.HelperBase.type(HelperBase.java:27)
	at manager.HelperRegistration.fillRegisForm(HelperRegistration.java:25)
	at tests.Registration.RegistrationPos(Registration.java:26)
	at sun.reflect.NativeMethodAccessorImpl.invoke0(Native Method)
	at sun.reflect.NativeMethodAccessorImpl.invoke(NativeMethodAccessorImpl.java:62)
	at sun.reflect.DelegatingMethodAccessorImpl.invoke(DelegatingMethodAccessorImpl.java:43)
	at java.lang.reflect.Method.invoke(Method.java:498)
	at org.testng.internal.MethodInvocationHelper.invokeMethod(MethodInvocationHelper.java:133)
	at org.testng.internal.TestInvoker.invokeMethod(TestInvoker.java:598)
	at org.testng.internal.TestInvoker.invokeTestMethod(TestInvoker.java:173)
	at org.testng.internal.MethodRunner.runInSequence(MethodRunner.java:46)
	at org.testng.internal.TestInvoker$MethodInvocationAgent.invoke(TestInvoker.java:824)
	at org.testng.internal.TestInvoker.invokeTestMethods(TestInvoker.java:146)
	at org.testng.internal.TestMethodWorker.invokeTestMethods(TestMethodWorker.java:146)
	at org.testng.internal.TestMethodWorker.run(TestMethodWorker.java:128)
	at java.util.ArrayList.forEach(ArrayList.java:1259)
	at org.testng.TestRunner.privateRun(TestRunner.java:794)
	at org.testng.TestRunner.run(TestRunner.java:596)
	at org.testng.SuiteRunner.runTest(SuiteRunner.java:377)
	at org.testng.SuiteRunner.runSequentially(SuiteRunner.java:371)
	at org.testng.SuiteRunner.privateRun(SuiteRunner.java:332)
	at org.testng.SuiteRunner.run(SuiteRunner.java:276)
	at org.testng.SuiteRunnerWorker.runSuite(SuiteRunnerWorker.java:53)
	at org.testng.SuiteRunnerWorker.run(SuiteRunnerWorker.java:96)
	at org.testng.TestNG.runSuitesSequentially(TestNG.java:1212)
	at org.testng.TestNG.runSuitesLocally(TestNG.java:1134)
	at org.testng.TestNG.runSuites(TestNG.java:1063)
	at org.testng.TestNG.run(TestNG.java:1031)
	at org.gradle.api.internal.tasks.testing.testng.TestNGTestClassProcessor.runTests(TestNGTestClassProcessor.java:141)
	at org.gradle.api.internal.tasks.testing.testng.TestNGTestClassProcessor.stop(TestNGTestClassProcessor.java:90)
	at org.gradle.api.internal.tasks.testing.SuiteTestClassProcessor.stop(SuiteTestClassProcessor.java:61)
	at sun.reflect.NativeMethodAccessorImpl.invoke0(Native Method)
	at sun.reflect.NativeMethodAccessorImpl.invoke(NativeMethodAccessorImpl.java:62)
	at sun.reflect.DelegatingMethodAccessorImpl.invoke(DelegatingMethodAccessorImpl.java:43)
	at java.lang.reflect.Method.invoke(Method.java:498)
	at org.gradle.internal.dispatch.ReflectionDispatch.dispatch(ReflectionDispatch.java:36)
	at org.gradle.internal.dispatch.ReflectionDispatch.dispatch(ReflectionDispatch.java:24)
	at org.gradle.internal.dispatch.ContextClassLoaderDispatch.dispatch(ContextClassLoaderDispatch.java:33)
	at org.gradle.internal.dispatch.ProxyDispatchAdapter$DispatchingInvocationHandler.invoke(ProxyDispatchAdapter.java:94)
	at com.sun.proxy.$Proxy2.stop(Unknown Source)
	at org.gradle.api.internal.tasks.testing.worker.TestWorker$3.run(TestWorker.java:193)
	at org.gradle.api.internal.tasks.testing.worker.TestWorker.executeAndMaintainThreadName(TestWorker.java:129)
	at org.gradle.api.internal.tasks.testing.worker.TestWorker.execute(TestWorker.java:100)
	at org.gradle.api.internal.tasks.testing.worker.TestWorker.execute(TestWorker.java:60)
	at org.gradle.process.internal.worker.child.ActionExecutionWorker.execute(ActionExecutionWorker.java:56)
	at org.gradle.process.internal.worker.child.SystemApplicationClassLoaderWorker.call(SystemApplicationClassLoaderWorker.java:133)
	at org.gradle.process.internal.worker.child.SystemApplicationClassLoaderWorker.call(SystemApplicationClassLoaderWorker.java:71)
	at worker.org.gradle.process.internal.worker.GradleWorkerMain.run(GradleWorkerMain.java:69)
	at worker.org.gradle.process.internal.worker.GradleWorkerMain.main(GradleWorkerMain.java:74)
</pre>
</span>
</div>
</div>
<div id="tab1" class="tab">
<h2>Tests</h2>
<table>
<thead>
<tr>
<th>Test</th>
<th>Duration</th>
<th>Result</th>
</tr>
</thead>
<tr>
<td class="success">RegistrationFailEmail</td>
<td class="success">4.259s</td>
<td class="success">passed</td>
</tr>
<tr>
<td class="success">RegistrationFailExistUser</td>
<td class="success">2.321s</td>
<td class="success">passed</td>
</tr>
<tr>
<td class="success">RegistrationFailPassword</td>
<td class="success">2.175s</td>
<td class="success">passed</td>
</tr>
<tr>
<td class="failures">RegistrationPos</td>
<td class="failures">6.729s</td>
<td class="failures">failed</td>
</tr>
<tr>
<td class="success">RegistrationPosModels</td>
<td class="success">1.590s</td>
<td class="success">passed</td>
</tr>
</table>
</div>
<div id="tab2" class="tab">
<h2>Standard output</h2>
<span class="code">
<pre>18:06:16  INFO  tests.TestBase - start test:  RegistrationFailEmail
18:06:16  INFO  manager.MyListener - Start searching element with locator--&gt;By.xpath: //*[text()='Sign Out']
18:06:21  INFO  manager.MyListener - Element with locator--&gt;By.xpath: //*[text()='Sign Out']  was found
18:06:21  INFO  tests.TestBase - registration with: email-&gt; UserM364gmail.com and password-&gt; OlaMar345$
18:06:21  INFO  manager.MyListener - Start searching element with locator--&gt;By.xpath: //a[@href='/login']
18:06:21  INFO  manager.MyListener - Element with locator--&gt;By.xpath: //a[@href='/login']  was found
18:06:22  INFO  manager.MyListener - Start searching element with locator--&gt;By.xpath: //*[@placeholder='Email']
18:06:22  INFO  manager.MyListener - Element with locator--&gt;By.xpath: //*[@placeholder='Email']  was found
18:06:23  INFO  manager.MyListener - Start searching element with locator--&gt;By.xpath: //*[@placeholder='Password']
18:06:23  INFO  manager.MyListener - Element with locator--&gt;By.xpath: //*[@placeholder='Password']  was found
18:06:24  INFO  manager.MyListener - Start searching element with locator--&gt;By.xpath: //*[text()=' Registration']
18:06:24  INFO  manager.MyListener - Element with locator--&gt;By.xpath: //*[text()=' Registration']  was found
18:06:25  INFO  manager.MyListener - Start searching element with locator--&gt;By.cssSelector: div.login_login__3EHKB :first-child
18:06:25  INFO  manager.MyListener - Element with locator--&gt;By.cssSelector: div.login_login__3EHKB :first-child  was found
Code of failure: - Registration failed with code 400
18:06:26  INFO  tests.TestBase - End of Test:  RegistrationFailEmail
18:06:26  INFO  tests.TestBase - start test:  RegistrationFailExistUser
18:06:26  INFO  manager.MyListener - Start searching element with locator--&gt;By.xpath: //*[text()='Sign Out']
18:06:31  INFO  manager.MyListener - Element with locator--&gt;By.xpath: //*[text()='Sign Out']  was found
18:06:31  INFO  tests.TestBase - registration with: email-&gt; UserM624@gmail.com and password-&gt; OlaMar345$
18:06:31  INFO  manager.MyListener - Start searching element with locator--&gt;By.xpath: //a[@href='/login']
18:06:31  INFO  manager.MyListener - Element with locator--&gt;By.xpath: //a[@href='/login']  was found
18:06:31  INFO  manager.MyListener - Start searching element with locator--&gt;By.xpath: //*[@placeholder='Email']
18:06:31  INFO  manager.MyListener - Element with locator--&gt;By.xpath: //*[@placeholder='Email']  was found
18:06:32  INFO  manager.MyListener - Start searching element with locator--&gt;By.xpath: //*[@placeholder='Password']
18:06:32  INFO  manager.MyListener - Element with locator--&gt;By.xpath: //*[@placeholder='Password']  was found
18:06:32  INFO  manager.MyListener - Start searching element with locator--&gt;By.xpath: //*[text()=' Registration']
18:06:32  INFO  manager.MyListener - Element with locator--&gt;By.xpath: //*[text()=' Registration']  was found
18:06:33  INFO  manager.MyListener - Start searching element with locator--&gt;By.cssSelector: div.login_login__3EHKB :first-child
18:06:33  INFO  manager.MyListener - Element with locator--&gt;By.cssSelector: div.login_login__3EHKB :first-child  was found
Code of failure: - Registration failed with code 409
18:06:33  INFO  tests.TestBase - End of Test:  RegistrationFailExistUser
18:06:33  INFO  tests.TestBase - start test:  RegistrationFailPassword
18:06:33  INFO  manager.MyListener - Start searching element with locator--&gt;By.xpath: //*[text()='Sign Out']
18:06:38  INFO  manager.MyListener - Element with locator--&gt;By.xpath: //*[text()='Sign Out']  was found
18:06:38  INFO  tests.TestBase - registration with: email-&gt; UserM364@gmail.com and password-&gt; OlaMar345
18:06:38  INFO  manager.MyListener - Start searching element with locator--&gt;By.xpath: //a[@href='/login']
18:06:38  INFO  manager.MyListener - Element with locator--&gt;By.xpath: //a[@href='/login']  was found
18:06:38  INFO  manager.MyListener - Start searching element with locator--&gt;By.xpath: //*[@placeholder='Email']
18:06:38  INFO  manager.MyListener - Element with locator--&gt;By.xpath: //*[@placeholder='Email']  was found
18:06:39  INFO  manager.MyListener - Start searching element with locator--&gt;By.xpath: //*[@placeholder='Password']
18:06:39  INFO  manager.MyListener - Element with locator--&gt;By.xpath: //*[@placeholder='Password']  was found
18:06:39  INFO  manager.MyListener - Start searching element with locator--&gt;By.xpath: //*[text()=' Registration']
18:06:39  INFO  manager.MyListener - Element with locator--&gt;By.xpath: //*[text()=' Registration']  was found
18:06:40  INFO  manager.MyListener - Start searching element with locator--&gt;By.cssSelector: div.login_login__3EHKB :first-child
18:06:40  INFO  manager.MyListener - Element with locator--&gt;By.cssSelector: div.login_login__3EHKB :first-child  was found
Code of failure: - Registration failed with code 400
18:06:40  INFO  tests.TestBase - End of Test:  RegistrationFailPassword
18:06:40  INFO  tests.TestBase - start test:  RegistrationPos
18:06:40  INFO  manager.MyListener - Start searching element with locator--&gt;By.xpath: //*[text()='Sign Out']
18:06:45  INFO  manager.MyListener - Element with locator--&gt;By.xpath: //*[text()='Sign Out']  was found
18:06:45  INFO  tests.TestBase - registration with: email-&gt; UserM364@gmail.com and password-&gt; OlaMar345$
18:06:45  INFO  manager.MyListener - Start searching element with locator--&gt;By.xpath: //a[@href='/login']
18:06:45  INFO  manager.MyListener - Element with locator--&gt;By.xpath: //a[@href='/login']  was found
18:06:45  INFO  manager.MyListener - Start searching element with locator--&gt;By.xpath: //*[@placeholder='Email']
18:06:45  INFO  manager.MyListener - Element with locator--&gt;By.xpath: //*[@placeholder='Email']  was found
18:06:46  INFO  manager.MyListener - Start searching element with locator--&gt;By.xpath: //*[@placeholder='Passwor']
18:06:51  INFO  manager.MyListener - There is some problem--&gt;https://contacts-app.tobbymarshall815.vercel.app/login
18:06:51  INFO  manager.MyListener - no such element: Unable to locate element: {&quot;method&quot;:&quot;xpath&quot;,&quot;selector&quot;:&quot;//*[@placeholder='Passwor']&quot;}
  (Session info: chrome=101.0.4951.67)
For documentation on this error, please visit: https://www.seleniumhq.org/exceptions/no_such_element.html
Build info: version: '3.141.59', revision: 'e82be7d358', time: '2018-11-14T08:17:03'
System info: host: 'DESKTOP-KF54E9L', ip: '192.168.42.124', os.name: 'Windows 10', os.arch: 'amd64', os.version: '10.0', java.version: '1.8.0_321'
Driver info: org.openqa.selenium.chrome.ChromeDriver
Capabilities {acceptInsecureCerts: false, browserName: chrome, browserVersion: 101.0.4951.67, chrome: {chromedriverVersion: 101.0.4951.41 (93c720db8323..., userDataDir: C:\Users\Olga\AppData\Local...}, goog:chromeOptions: {debuggerAddress: localhost:51316}, javascriptEnabled: true, networkConnectionEnabled: false, pageLoadStrategy: normal, platform: WINDOWS, platformName: WINDOWS, proxy: Proxy(), setWindowRect: true, strictFileInteractability: false, timeouts: {implicit: 0, pageLoad: 300000, script: 30000}, unhandledPromptBehavior: dismiss and notify, webauthn:extension:credBlob: true, webauthn:extension:largeBlob: true, webauthn:virtualAuthenticators: true}
Session ID: 2cdd775ba8ea4b487dda55c9aa057e67
*** Element info: {Using=xpath, value=//*[@placeholder='Passwor']}
18:06:51  INFO  manager.MyListener - org.openqa.selenium.NoSuchElementException: no such element: Unable to locate element: {&quot;method&quot;:&quot;xpath&quot;,&quot;selector&quot;:&quot;//*[@placeholder='Passwor']&quot;}
  (Session info: chrome=101.0.4951.67)
For documentation on this error, please visit: https://www.seleniumhq.org/exceptions/no_such_element.html
Build info: version: '3.141.59', revision: 'e82be7d358', time: '2018-11-14T08:17:03'
System info: host: 'DESKTOP-KF54E9L', ip: '192.168.42.124', os.name: 'Windows 10', os.arch: 'amd64', os.version: '10.0', java.version: '1.8.0_321'
Driver info: org.openqa.selenium.chrome.ChromeDriver
Capabilities {acceptInsecureCerts: false, browserName: chrome, browserVersion: 101.0.4951.67, chrome: {chromedriverVersion: 101.0.4951.41 (93c720db8323..., userDataDir: C:\Users\Olga\AppData\Local...}, goog:chromeOptions: {debuggerAddress: localhost:51316}, javascriptEnabled: true, networkConnectionEnabled: false, pageLoadStrategy: normal, platform: WINDOWS, platformName: WINDOWS, proxy: Proxy(), setWindowRect: true, strictFileInteractability: false, timeouts: {implicit: 0, pageLoad: 300000, script: 30000}, unhandledPromptBehavior: dismiss and notify, webauthn:extension:credBlob: true, webauthn:extension:largeBlob: true, webauthn:virtualAuthenticators: true}
Session ID: 2cdd775ba8ea4b487dda55c9aa057e67
*** Element info: {Using=xpath, value=//*[@placeholder='Passwor']}
18:06:52  INFO  tests.TestBase - End of Test:  RegistrationPos
18:06:52  INFO  tests.TestBase - start test:  RegistrationPosModels
18:06:52  INFO  manager.MyListener - Start searching element with locator--&gt;By.xpath: //*[text()='Sign Out']
18:06:57  INFO  manager.MyListener - Element with locator--&gt;By.xpath: //*[text()='Sign Out']  was found
18:06:57  INFO  tests.TestBase - registration with: email-&gt; UserO364@gmail.com and password-&gt; OlaMar345$
18:06:57  INFO  manager.MyListener - Start searching element with locator--&gt;By.xpath: //a[@href='/login']
18:06:57  INFO  manager.MyListener - Element with locator--&gt;By.xpath: //a[@href='/login']  was found
18:06:57  INFO  manager.MyListener - Start searching element with locator--&gt;By.xpath: //*[@placeholder='Email']
18:06:57  INFO  manager.MyListener - Element with locator--&gt;By.xpath: //*[@placeholder='Email']  was found
18:06:58  INFO  manager.MyListener - Start searching element with locator--&gt;By.xpath: //*[@placeholder='Password']
18:06:58  INFO  manager.MyListener - Element with locator--&gt;By.xpath: //*[@placeholder='Password']  was found
18:06:58  INFO  manager.MyListener - Start searching element with locator--&gt;By.xpath: //*[text()=' Registration']
18:06:58  INFO  manager.MyListener - Element with locator--&gt;By.xpath: //*[text()=' Registration']  was found
18:06:58  INFO  manager.MyListener - Start searching element with locator--&gt;By.xpath: //*[text()='Sign Out']
18:06:59  INFO  manager.MyListener - Element with locator--&gt;By.xpath: //*[text()='Sign Out']  was found
18:06:59  INFO  tests.TestBase - End of Test:  RegistrationPosModels
</pre>
</span>
</div>
</div>
<div id="footer">
<p>
<div>
<label class="hidden" id="label-for-line-wrapping-toggle" for="line-wrapping-toggle">Wrap lines
<input id="line-wrapping-toggle" type="checkbox" autocomplete="off"/>
</label>
</div>Generated by 
<a href="http://www.gradle.org">Gradle 7.4</a> at 01.06.2022 18:06:59</p>
</div>
</div>
</body>
</html>
